\BOOKMARK [0][-]{chapter.1}{Symétries}{}% 1
\BOOKMARK [0][-]{chapter.2}{Adaptation d'impédance}{}% 2
\BOOKMARK [0][-]{chapter.3}{Conversions d'énergie}{}% 3
\BOOKMARK [0][-]{chapter.4}{Systèmes couplés}{}% 4
\BOOKMARK [0][-]{chapter.5}{Régimes transitoires}{}% 5
\BOOKMARK [0][-]{chapter.6}{Principes variationnels. Applications.}{}% 6
\BOOKMARK [0][-]{chapter.7}{Gravitation}{}% 7
\BOOKMARK [0][-]{chapter.8}{Lois de conservation en dynamique}{}% 8
\BOOKMARK [0][-]{chapter.9}{Contact entre deux solides. Frottement}{}% 9
\BOOKMARK [0][-]{chapter.10}{Dynamique en référentiel non galiléen}{}% 10
\BOOKMARK [0][-]{chapter.11}{Précession et approximation gyroscopique}{}% 11
\BOOKMARK [0][-]{chapter.12}{Cinématique relativiste}{}% 12
\BOOKMARK [0][-]{chapter.13}{Dynamique relativiste}{}% 13
\BOOKMARK [0][-]{chapter.14}{Collisions et lois de conservation en mécanique classique et relativiste}{}% 14
\BOOKMARK [0][-]{chapter.15}{Manifestations du caractère non galiléen d'un référentiel}{}% 15
\BOOKMARK [0][-]{chapter.16}{Mouvements dans un champ de force centrale}{}% 16
\BOOKMARK [0][-]{chapter.17}{Mouvements classique et relativiste d'une particule chargée}{}% 17
\BOOKMARK [0][-]{chapter.18}{Notion de viscosité d'un fluide. Écoulements visqueux}{}% 18
\BOOKMARK [0][-]{chapter.19}{Modèle de l'écoulement parfait d'un fluide}{}% 19
\BOOKMARK [0][-]{chapter.20}{Phénomènes interfaciaux impliquant des fluides}{}% 20
\BOOKMARK [0][-]{chapter.21}{Régimes d'écoulements en mécanique des fluides}{}% 21
\BOOKMARK [0][-]{chapter.22}{Bilans macroscopiques en mécanique des fluides}{}% 22
\BOOKMARK [0][-]{chapter.23}{Physique du vol : portance et traînée}{}% 23
\BOOKMARK [0][-]{chapter.24}{Premier principe de la thermodynamique}{}% 24
\BOOKMARK [0][-]{chapter.25}{Transitions de phase}{}% 25
\BOOKMARK [0][-]{chapter.26}{Phénomènes de transport}{}% 26
\BOOKMARK [0][-]{chapter.27}{Gaz réels, gaz parfait}{}% 27
\BOOKMARK [0][-]{chapter.28}{Évolution et condition d'équilibre d'un système thermodynamique fermé.}{}% 28
\BOOKMARK [0][-]{chapter.29}{Machines thermiques}{}% 29
\BOOKMARK [0][-]{chapter.30}{Facteur de Boltzmann}{}% 30
\BOOKMARK [0][-]{chapter.31}{Rayonnement d'équilibre thermique. Corps noir}{}% 31
\BOOKMARK [0][-]{chapter.32}{Entropie en physique statistique et thermodynamique}{}% 32
\BOOKMARK [0][-]{chapter.33}{Phénomènes de diffusion}{}% 33
\BOOKMARK [0][-]{chapter.34}{Principes de la thermodynamique en écoulement. Applications}{}% 34
\BOOKMARK [0][-]{chapter.35}{Bilans thermiques. Illustrations}{}% 35
\BOOKMARK [0][-]{chapter.36}{Phénomènes irréversibles en thermodynamique}{}% 36
\BOOKMARK [0][-]{chapter.37}{Étude thermodynamique du corps pur diphasé}{}% 37
\BOOKMARK [0][-]{chapter.38}{Conversion de puissance électromécanique.}{}% 38
\BOOKMARK [0][-]{chapter.39}{Induction électromagnétique}{}% 39
\BOOKMARK [0][-]{chapter.40}{Propriétés macroscopiques des corps ferromagnétiques}{}% 40
\BOOKMARK [0][-]{chapter.41}{Mécanismes de la conduction électrique dans les solides}{}% 41
\BOOKMARK [0][-]{chapter.42}{Phénomènes de résonance dans différents domaines de la physique}{}% 42
\BOOKMARK [0][-]{chapter.43}{Oscillateurs ; portraits de phase et non-linéarités}{}% 43
\BOOKMARK [0][-]{chapter.44}{Rayonnement dipolaire électrique}{}% 44
\BOOKMARK [0][-]{chapter.45}{Le champ magnétique}{}% 45
\BOOKMARK [0][-]{chapter.46}{Champ électrique}{}% 46
\BOOKMARK [0][-]{chapter.47}{Conduction électrique en présence de champs magnétiques}{}% 47
\BOOKMARK [0][-]{chapter.48}{Rétroaction et oscillations}{}% 48
\BOOKMARK [0][-]{chapter.49}{Traitement d'un signal. Étude spectrale}{}% 49
\BOOKMARK [0][-]{chapter.50}{Ondes progressives, ondes stationnaires}{}% 50
\BOOKMARK [0][-]{chapter.51}{Ondes acoustiques}{}% 51
\BOOKMARK [0][-]{chapter.52}{Propagation guidée des ondes}{}% 52
\BOOKMARK [0][-]{chapter.53}{Dispersion et absorption}{}% 53
\BOOKMARK [0][-]{chapter.54}{Milieux diélectriques}{}% 54
\BOOKMARK [0][-]{chapter.55}{Phénomènes ondulatoires à une interface en électromagnétisme}{}% 55
\BOOKMARK [0][-]{chapter.56}{Équations d'onde}{}% 56
\BOOKMARK [0][-]{chapter.57}{Ondes évanescentes}{}% 57
\BOOKMARK [0][-]{chapter.58}{Oscillateur harmonique : approximation et limitations}{}% 58
\BOOKMARK [0][-]{chapter.59}{Filtrage linéaire}{}% 59
\BOOKMARK [0][-]{chapter.60}{Effet Doppler et applications}{}% 60
\BOOKMARK [0][-]{chapter.61}{Modulation, démodulation}{}% 61
\BOOKMARK [0][-]{chapter.62}{Régulation et asservissement}{}% 62
\BOOKMARK [0][-]{chapter.63}{Inductance : de l'électromagnétisme à l'électrocinétique}{}% 63
\BOOKMARK [0][-]{chapter.64}{Microscopies optiques}{}% 64
\BOOKMARK [0][-]{chapter.65}{Interférences à deux ondes en optique}{}% 65
\BOOKMARK [0][-]{chapter.66}{Interférométrie à division d'amplitude}{}% 66
\BOOKMARK [0][-]{chapter.67}{Diffraction de Fraunhofer}{}% 67
\BOOKMARK [0][-]{chapter.68}{Diffraction par des structures périodiques}{}% 68
\BOOKMARK [0][-]{chapter.69}{Absorption et émission de la lumière}{}% 69
\BOOKMARK [0][-]{chapter.70}{Laser}{}% 70
\BOOKMARK [0][-]{chapter.71}{Instruments d'optique \(hors microscopes\)}{}% 71
\BOOKMARK [0][-]{chapter.72}{Spectroscopies}{}% 72
\BOOKMARK [0][-]{chapter.73}{Lois de l'optique géométrique}{}% 73
\BOOKMARK [0][-]{chapter.74}{Production et analyse de la lumière polarisée}{}% 74
\BOOKMARK [0][-]{chapter.75}{Optique de Fourier}{}% 75
\BOOKMARK [0][-]{chapter.76}{Photographie}{}% 76
\BOOKMARK [0][-]{chapter.77}{Mesures interférométriques}{}% 77
\BOOKMARK [0][-]{chapter.78}{Optique de Fourier}{}% 78
\BOOKMARK [0][-]{chapter.79}{Systèmes quantiques à deux niveaux}{}% 79
\BOOKMARK [0][-]{chapter.80}{Aspects ondulatoires de la matière}{}% 80
\BOOKMARK [0][-]{chapter.81}{Confinement d'une particule et quantification de l'énergie}{}% 81
\BOOKMARK [0][-]{chapter.82}{Effet tunnel}{}% 82
\BOOKMARK [0][-]{chapter.83}{Modèles de l'atome}{}% 83
\BOOKMARK [0][-]{chapter.84}{Expérience de Stern-Gerlach et conséquences}{}% 84
\BOOKMARK [0][-]{chapter.85}{Equation de Schrödinger et applications}{}% 85
\BOOKMARK [0][-]{chapter.86}{Structure et stabilité des noyaux atomiques}{}% 86
\BOOKMARK [0][-]{chapter.87}{Capacités thermiques : description, interprétations microscopiques}{}% 87
\BOOKMARK [0][-]{chapter.88}{Approche microscopique du paramagnétisme et du ferromagnétisme}{}% 88
\BOOKMARK [0][-]{chapter.89}{Application des semiconducteurs à l'électronique et/ou l'optique}{}% 89
\BOOKMARK [0][-]{chapter.90}{Fermions, bosons, illustrations}{}% 90
